<?xml version="1.0" encoding="UTF-8"?>
<testsuite xmlns:xsi="http://www.w3.org/2001/XMLSchema-instance" xsi:noNamespaceSchemaLocation="https://maven.apache.org/surefire/maven-surefire-plugin/xsd/surefire-test-report.xsd" name="com.mashibing.verification.VerificationApplicationTests" time="0.242" tests="1" errors="1" skipped="0" failures="0">
  <properties>
    <property name="sun.desktop" value="windows"/>
    <property name="awt.toolkit" value="sun.awt.windows.WToolkit"/>
    <property name="file.encoding.pkg" value="sun.io"/>
    <property name="java.specification.version" value="1.8"/>
    <property name="sun.cpu.isalist" value="amd64"/>
    <property name="sun.jnu.encoding" value="GBK"/>
    <property name="java.class.path" value="D:\online-taxi-2022-public\online-taxi-public\verification\target\test-classes;D:\online-taxi-2022-public\online-taxi-public\verification\target\classes;D:\MavenRepo\org\springframework\boot\spring-boot-starter\2.4.13\spring-boot-starter-2.4.13.jar;D:\MavenRepo\org\springframework\boot\spring-boot\2.4.13\spring-boot-2.4.13.jar;D:\MavenRepo\org\springframework\spring-context\5.3.13\spring-context-5.3.13.jar;D:\MavenRepo\org\springframework\spring-aop\5.3.13\spring-aop-5.3.13.jar;D:\MavenRepo\org\springframework\spring-beans\5.3.13\spring-beans-5.3.13.jar;D:\MavenRepo\org\springframework\spring-expression\5.3.13\spring-expression-5.3.13.jar;D:\MavenRepo\org\springframework\boot\spring-boot-autoconfigure\2.4.13\spring-boot-autoconfigure-2.4.13.jar;D:\MavenRepo\org\springframework\boot\spring-boot-starter-logging\2.4.13\spring-boot-starter-logging-2.4.13.jar;D:\MavenRepo\ch\qos\logback\logback-classic\1.2.7\logback-classic-1.2.7.jar;D:\MavenRepo\ch\qos\logback\logback-core\1.2.7\logback-core-1.2.7.jar;D:\MavenRepo\org\apache\logging\log4j\log4j-to-slf4j\2.13.3\log4j-to-slf4j-2.13.3.jar;D:\MavenRepo\org\apache\logging\log4j\log4j-api\2.13.3\log4j-api-2.13.3.jar;D:\MavenRepo\org\slf4j\jul-to-slf4j\1.7.32\jul-to-slf4j-1.7.32.jar;D:\MavenRepo\jakarta\annotation\jakarta.annotation-api\1.3.5\jakarta.annotation-api-1.3.5.jar;D:\MavenRepo\org\springframework\spring-core\5.3.13\spring-core-5.3.13.jar;D:\MavenRepo\org\springframework\spring-jcl\5.3.13\spring-jcl-5.3.13.jar;D:\MavenRepo\org\yaml\snakeyaml\1.27\snakeyaml-1.27.jar;D:\MavenRepo\org\springframework\boot\spring-boot-starter-test\2.4.13\spring-boot-starter-test-2.4.13.jar;D:\MavenRepo\org\springframework\boot\spring-boot-test\2.4.13\spring-boot-test-2.4.13.jar;D:\MavenRepo\org\springframework\boot\spring-boot-test-autoconfigure\2.4.13\spring-boot-test-autoconfigure-2.4.13.jar;D:\MavenRepo\com\jayway\jsonpath\json-path\2.4.0\json-path-2.4.0.jar;D:\MavenRepo\net\minidev\json-smart\2.3.1\json-smart-2.3.1.jar;D:\MavenRepo\net\minidev\accessors-smart\2.3.1\accessors-smart-2.3.1.jar;D:\MavenRepo\org\ow2\asm\asm\5.0.4\asm-5.0.4.jar;D:\MavenRepo\org\slf4j\slf4j-api\1.7.32\slf4j-api-1.7.32.jar;D:\MavenRepo\jakarta\xml\bind\jakarta.xml.bind-api\2.3.3\jakarta.xml.bind-api-2.3.3.jar;D:\MavenRepo\jakarta\activation\jakarta.activation-api\1.2.2\jakarta.activation-api-1.2.2.jar;D:\MavenRepo\org\assertj\assertj-core\3.18.1\assertj-core-3.18.1.jar;D:\MavenRepo\org\hamcrest\hamcrest\2.2\hamcrest-2.2.jar;D:\MavenRepo\org\junit\jupiter\junit-jupiter\5.7.2\junit-jupiter-5.7.2.jar;D:\MavenRepo\org\junit\jupiter\junit-jupiter-api\5.7.2\junit-jupiter-api-5.7.2.jar;D:\MavenRepo\org\apiguardian\apiguardian-api\1.1.0\apiguardian-api-1.1.0.jar;D:\MavenRepo\org\opentest4j\opentest4j\1.2.0\opentest4j-1.2.0.jar;D:\MavenRepo\org\junit\platform\junit-platform-commons\1.7.2\junit-platform-commons-1.7.2.jar;D:\MavenRepo\org\junit\jupiter\junit-jupiter-params\5.7.2\junit-jupiter-params-5.7.2.jar;D:\MavenRepo\org\junit\jupiter\junit-jupiter-engine\5.7.2\junit-jupiter-engine-5.7.2.jar;D:\MavenRepo\org\junit\platform\junit-platform-engine\1.7.2\junit-platform-engine-1.7.2.jar;D:\MavenRepo\org\mockito\mockito-core\3.6.28\mockito-core-3.6.28.jar;D:\MavenRepo\net\bytebuddy\byte-buddy\1.10.22\byte-buddy-1.10.22.jar;D:\MavenRepo\net\bytebuddy\byte-buddy-agent\1.10.22\byte-buddy-agent-1.10.22.jar;D:\MavenRepo\org\objenesis\objenesis\3.1\objenesis-3.1.jar;D:\MavenRepo\org\mockito\mockito-junit-jupiter\3.6.28\mockito-junit-jupiter-3.6.28.jar;D:\MavenRepo\org\skyscreamer\jsonassert\1.5.0\jsonassert-1.5.0.jar;D:\MavenRepo\com\vaadin\external\google\android-json\0.0.20131108.vaadin1\android-json-0.0.20131108.vaadin1.jar;D:\MavenRepo\org\springframework\spring-test\5.3.13\spring-test-5.3.13.jar;D:\MavenRepo\org\xmlunit\xmlunit-core\2.7.0\xmlunit-core-2.7.0.jar;"/>
    <property name="java.vm.vendor" value="Oracle Corporation"/>
    <property name="sun.arch.data.model" value="64"/>
    <property name="user.variant" value=""/>
    <property name="java.vendor.url" value="http://java.oracle.com/"/>
    <property name="user.timezone" value="Asia/Shanghai"/>
    <property name="java.vm.specification.version" value="1.8"/>
    <property name="os.name" value="Windows 10"/>
    <property name="user.country" value="CN"/>
    <property name="sun.java.launcher" value="SUN_STANDARD"/>
    <property name="sun.boot.library.path" value="C:\Program Files\Java\jdk1.8.0_131\jre\bin"/>
    <property name="sun.java.command" value="C:\Users\ADMINI~1\AppData\Local\Temp\surefire7315000110682129286\surefirebooter6987946741768259312.jar C:\Users\Administrator\AppData\Local\Temp\surefire7315000110682129286 2022-10-12T10-13-24_874-jvmRun1 surefire626079127924512360tmp surefire_06606150717799450351tmp"/>
    <property name="surefire.test.class.path" value="D:\online-taxi-2022-public\online-taxi-public\verification\target\test-classes;D:\online-taxi-2022-public\online-taxi-public\verification\target\classes;D:\MavenRepo\org\springframework\boot\spring-boot-starter\2.4.13\spring-boot-starter-2.4.13.jar;D:\MavenRepo\org\springframework\boot\spring-boot\2.4.13\spring-boot-2.4.13.jar;D:\MavenRepo\org\springframework\spring-context\5.3.13\spring-context-5.3.13.jar;D:\MavenRepo\org\springframework\spring-aop\5.3.13\spring-aop-5.3.13.jar;D:\MavenRepo\org\springframework\spring-beans\5.3.13\spring-beans-5.3.13.jar;D:\MavenRepo\org\springframework\spring-expression\5.3.13\spring-expression-5.3.13.jar;D:\MavenRepo\org\springframework\boot\spring-boot-autoconfigure\2.4.13\spring-boot-autoconfigure-2.4.13.jar;D:\MavenRepo\org\springframework\boot\spring-boot-starter-logging\2.4.13\spring-boot-starter-logging-2.4.13.jar;D:\MavenRepo\ch\qos\logback\logback-classic\1.2.7\logback-classic-1.2.7.jar;D:\MavenRepo\ch\qos\logback\logback-core\1.2.7\logback-core-1.2.7.jar;D:\MavenRepo\org\apache\logging\log4j\log4j-to-slf4j\2.13.3\log4j-to-slf4j-2.13.3.jar;D:\MavenRepo\org\apache\logging\log4j\log4j-api\2.13.3\log4j-api-2.13.3.jar;D:\MavenRepo\org\slf4j\jul-to-slf4j\1.7.32\jul-to-slf4j-1.7.32.jar;D:\MavenRepo\jakarta\annotation\jakarta.annotation-api\1.3.5\jakarta.annotation-api-1.3.5.jar;D:\MavenRepo\org\springframework\spring-core\5.3.13\spring-core-5.3.13.jar;D:\MavenRepo\org\springframework\spring-jcl\5.3.13\spring-jcl-5.3.13.jar;D:\MavenRepo\org\yaml\snakeyaml\1.27\snakeyaml-1.27.jar;D:\MavenRepo\org\springframework\boot\spring-boot-starter-test\2.4.13\spring-boot-starter-test-2.4.13.jar;D:\MavenRepo\org\springframework\boot\spring-boot-test\2.4.13\spring-boot-test-2.4.13.jar;D:\MavenRepo\org\springframework\boot\spring-boot-test-autoconfigure\2.4.13\spring-boot-test-autoconfigure-2.4.13.jar;D:\MavenRepo\com\jayway\jsonpath\json-path\2.4.0\json-path-2.4.0.jar;D:\MavenRepo\net\minidev\json-smart\2.3.1\json-smart-2.3.1.jar;D:\MavenRepo\net\minidev\accessors-smart\2.3.1\accessors-smart-2.3.1.jar;D:\MavenRepo\org\ow2\asm\asm\5.0.4\asm-5.0.4.jar;D:\MavenRepo\org\slf4j\slf4j-api\1.7.32\slf4j-api-1.7.32.jar;D:\MavenRepo\jakarta\xml\bind\jakarta.xml.bind-api\2.3.3\jakarta.xml.bind-api-2.3.3.jar;D:\MavenRepo\jakarta\activation\jakarta.activation-api\1.2.2\jakarta.activation-api-1.2.2.jar;D:\MavenRepo\org\assertj\assertj-core\3.18.1\assertj-core-3.18.1.jar;D:\MavenRepo\org\hamcrest\hamcrest\2.2\hamcrest-2.2.jar;D:\MavenRepo\org\junit\jupiter\junit-jupiter\5.7.2\junit-jupiter-5.7.2.jar;D:\MavenRepo\org\junit\jupiter\junit-jupiter-api\5.7.2\junit-jupiter-api-5.7.2.jar;D:\MavenRepo\org\apiguardian\apiguardian-api\1.1.0\apiguardian-api-1.1.0.jar;D:\MavenRepo\org\opentest4j\opentest4j\1.2.0\opentest4j-1.2.0.jar;D:\MavenRepo\org\junit\platform\junit-platform-commons\1.7.2\junit-platform-commons-1.7.2.jar;D:\MavenRepo\org\junit\jupiter\junit-jupiter-params\5.7.2\junit-jupiter-params-5.7.2.jar;D:\MavenRepo\org\junit\jupiter\junit-jupiter-engine\5.7.2\junit-jupiter-engine-5.7.2.jar;D:\MavenRepo\org\junit\platform\junit-platform-engine\1.7.2\junit-platform-engine-1.7.2.jar;D:\MavenRepo\org\mockito\mockito-core\3.6.28\mockito-core-3.6.28.jar;D:\MavenRepo\net\bytebuddy\byte-buddy\1.10.22\byte-buddy-1.10.22.jar;D:\MavenRepo\net\bytebuddy\byte-buddy-agent\1.10.22\byte-buddy-agent-1.10.22.jar;D:\MavenRepo\org\objenesis\objenesis\3.1\objenesis-3.1.jar;D:\MavenRepo\org\mockito\mockito-junit-jupiter\3.6.28\mockito-junit-jupiter-3.6.28.jar;D:\MavenRepo\org\skyscreamer\jsonassert\1.5.0\jsonassert-1.5.0.jar;D:\MavenRepo\com\vaadin\external\google\android-json\0.0.20131108.vaadin1\android-json-0.0.20131108.vaadin1.jar;D:\MavenRepo\org\springframework\spring-test\5.3.13\spring-test-5.3.13.jar;D:\MavenRepo\org\xmlunit\xmlunit-core\2.7.0\xmlunit-core-2.7.0.jar;"/>
    <property name="sun.cpu.endian" value="little"/>
    <property name="user.home" value="C:\Users\Administrator"/>
    <property name="user.language" value="zh"/>
    <property name="java.specification.vendor" value="Oracle Corporation"/>
    <property name="java.home" value="C:\Program Files\Java\jdk1.8.0_131\jre"/>
    <property name="basedir" value="D:\online-taxi-2022-public\online-taxi-public\verification"/>
    <property name="file.separator" value="\"/>
    <property name="line.separator" value="&#10;"/>
    <property name="java.vm.specification.vendor" value="Oracle Corporation"/>
    <property name="java.specification.name" value="Java Platform API Specification"/>
    <property name="java.awt.graphicsenv" value="sun.awt.Win32GraphicsEnvironment"/>
    <property name="idea.version2020.1.2" value="true"/>
    <property name="surefire.real.class.path" value="C:\Users\ADMINI~1\AppData\Local\Temp\surefire7315000110682129286\surefirebooter6987946741768259312.jar"/>
    <property name="sun.boot.class.path" value="C:\Program Files\Java\jdk1.8.0_131\jre\lib\resources.jar;C:\Program Files\Java\jdk1.8.0_131\jre\lib\rt.jar;C:\Program Files\Java\jdk1.8.0_131\jre\lib\sunrsasign.jar;C:\Program Files\Java\jdk1.8.0_131\jre\lib\jsse.jar;C:\Program Files\Java\jdk1.8.0_131\jre\lib\jce.jar;C:\Program Files\Java\jdk1.8.0_131\jre\lib\charsets.jar;C:\Program Files\Java\jdk1.8.0_131\jre\lib\jfr.jar;C:\Program Files\Java\jdk1.8.0_131\jre\classes"/>
    <property name="user.script" value=""/>
    <property name="sun.management.compiler" value="HotSpot 64-Bit Tiered Compilers"/>
    <property name="java.runtime.version" value="1.8.0_131-b11"/>
    <property name="user.name" value="Administrator"/>
    <property name="path.separator" value=";"/>
    <property name="os.version" value="10.0"/>
    <property name="java.endorsed.dirs" value="C:\Program Files\Java\jdk1.8.0_131\jre\lib\endorsed"/>
    <property name="java.runtime.name" value="Java(TM) SE Runtime Environment"/>
    <property name="file.encoding" value="GBK"/>
    <property name="java.vm.name" value="Java HotSpot(TM) 64-Bit Server VM"/>
    <property name="localRepository" value="D:\MavenRepo"/>
    <property name="java.vendor.url.bug" value="http://bugreport.sun.com/bugreport/"/>
    <property name="java.io.tmpdir" value="C:\Users\ADMINI~1\AppData\Local\Temp\"/>
    <property name="java.version" value="1.8.0_131"/>
    <property name="user.dir" value="D:\online-taxi-2022-public\online-taxi-public\verification"/>
    <property name="os.arch" value="amd64"/>
    <property name="java.vm.specification.name" value="Java Virtual Machine Specification"/>
    <property name="java.awt.printerjob" value="sun.awt.windows.WPrinterJob"/>
    <property name="sun.os.patch.level" value=""/>
    <property name="java.library.path" value="C:\Program Files\Java\jdk1.8.0_131\jre\bin;C:\Windows\Sun\Java\bin;C:\Windows\system32;C:\Windows;C:\Windows\system32;C:\Windows;C:\Windows\System32\Wbem;C:\Windows\System32\WindowsPowerShell\v1.0\;C:\Windows\System32\OpenSSH\;C:\Program Files\Intel\WiFi\bin\;C:\Program Files\Common Files\Intel\WirelessCommon\;D:\Program Files\TortoiseSVN\bin\;D:\Program Files (x86)\Yozosoft\Yozo_Office\Lib\xuggler\bin;C:\Program Files\Java\jdk1.8.0_131\bin;C:\Program Files\Java\jdk1.8.0_131\jre\bin;D:\Program Files\Git\cmd;C:\Program Files (x86)\IDM Computer Solutions\newUedit\UltraEdit-32;C:\Program Files\apache-ant-1.9.16\bin;D:\apache-maven-3.6.0\bin;C:\Users\Administrator\AppData\Local\Microsoft\WindowsApps;C:\Program Files (x86)\Tencent\QQGameTempest\Hall.57734\;C:\Program Files\apache-ant-1.9.16\bin;;."/>
    <property name="java.vm.info" value="mixed mode"/>
    <property name="java.vendor" value="Oracle Corporation"/>
    <property name="java.vm.version" value="25.131-b11"/>
    <property name="java.ext.dirs" value="C:\Program Files\Java\jdk1.8.0_131\jre\lib\ext;C:\Windows\Sun\Java\lib\ext"/>
    <property name="sun.io.unicode.encoding" value="UnicodeLittle"/>
    <property name="maven.repo.local" value="D:\MavenRepo"/>
    <property name="java.class.version" value="52.0"/>
  </properties>
  <testcase name="com.mashibing.verification.VerificationApplicationTests" classname="com.mashibing.verification.VerificationApplicationTests" time="0.24">
    <error message="Found multiple @SpringBootConfiguration annotated classes [Generic bean: class [com.mashibing.verification.VerificationApplication]; scope=; abstract=false; lazyInit=null; autowireMode=0; dependencyCheck=0; autowireCandidate=true; primary=false; factoryBeanName=null; factoryMethodName=null; initMethodName=null; destroyMethodName=null; defined in file [D:\online-taxi-2022-public\online-taxi-public\verification\target\classes\com\mashibing\verification\VerificationApplication.class], Generic bean: class [com.mashibing.verification.VerificationCodeApplication]; scope=; abstract=false; lazyInit=null; autowireMode=0; dependencyCheck=0; autowireCandidate=true; primary=false; factoryBeanName=null; factoryMethodName=null; initMethodName=null; destroyMethodName=null; defined in file [D:\online-taxi-2022-public\online-taxi-public\verification\target\classes\com\mashibing\verification\VerificationCodeApplication.class]]" type="java.lang.IllegalStateException">java.lang.IllegalStateException: Found multiple @SpringBootConfiguration annotated classes [Generic bean: class [com.mashibing.verification.VerificationApplication]; scope=; abstract=false; lazyInit=null; autowireMode=0; dependencyCheck=0; autowireCandidate=true; primary=false; factoryBeanName=null; factoryMethodName=null; initMethodName=null; destroyMethodName=null; defined in file [D:\online-taxi-2022-public\online-taxi-public\verification\target\classes\com\mashibing\verification\VerificationApplication.class], Generic bean: class [com.mashibing.verification.VerificationCodeApplication]; scope=; abstract=false; lazyInit=null; autowireMode=0; dependencyCheck=0; autowireCandidate=true; primary=false; factoryBeanName=null; factoryMethodName=null; initMethodName=null; destroyMethodName=null; defined in file [D:\online-taxi-2022-public\online-taxi-public\verification\target\classes\com\mashibing\verification\VerificationCodeApplication.class]]
</error>
    <system-out><![CDATA[10:13:37.907 [main] DEBUG org.springframework.test.context.BootstrapUtils - Instantiating CacheAwareContextLoaderDelegate from class [org.springframework.test.context.cache.DefaultCacheAwareContextLoaderDelegate]
10:13:37.918 [main] DEBUG org.springframework.test.context.BootstrapUtils - Instantiating BootstrapContext using constructor [public org.springframework.test.context.support.DefaultBootstrapContext(java.lang.Class,org.springframework.test.context.CacheAwareContextLoaderDelegate)]
10:13:37.961 [main] DEBUG org.springframework.test.context.BootstrapUtils - Instantiating TestContextBootstrapper for test class [com.mashibing.verification.VerificationApplicationTests] from class [org.springframework.boot.test.context.SpringBootTestContextBootstrapper]
10:13:37.973 [main] INFO org.springframework.boot.test.context.SpringBootTestContextBootstrapper - Neither @ContextConfiguration nor @ContextHierarchy found for test class [com.mashibing.verification.VerificationApplicationTests], using SpringBootContextLoader
10:13:37.978 [main] DEBUG org.springframework.test.context.support.AbstractContextLoader - Did not detect default resource location for test class [com.mashibing.verification.VerificationApplicationTests]: class path resource [com/mashibing/verification/VerificationApplicationTests-context.xml] does not exist
10:13:37.978 [main] DEBUG org.springframework.test.context.support.AbstractContextLoader - Did not detect default resource location for test class [com.mashibing.verification.VerificationApplicationTests]: class path resource [com/mashibing/verification/VerificationApplicationTestsContext.groovy] does not exist
10:13:37.978 [main] INFO org.springframework.test.context.support.AbstractContextLoader - Could not detect default resource locations for test class [com.mashibing.verification.VerificationApplicationTests]: no resource found for suffixes {-context.xml, Context.groovy}.
10:13:37.979 [main] INFO org.springframework.test.context.support.AnnotationConfigContextLoaderUtils - Could not detect default configuration classes for test class [com.mashibing.verification.VerificationApplicationTests]: VerificationApplicationTests does not declare any static, non-private, non-final, nested classes annotated with @Configuration.
10:13:38.014 [main] DEBUG org.springframework.test.context.support.ActiveProfilesUtils - Could not find an 'annotation declaring class' for annotation type [org.springframework.test.context.ActiveProfiles] and class [com.mashibing.verification.VerificationApplicationTests]
10:13:38.073 [main] DEBUG org.springframework.context.annotation.ClassPathScanningCandidateComponentProvider - Identified candidate component class: file [D:\online-taxi-2022-public\online-taxi-public\verification\target\classes\com\mashibing\verification\VerificationApplication.class]
10:13:38.073 [main] DEBUG org.springframework.context.annotation.ClassPathScanningCandidateComponentProvider - Identified candidate component class: file [D:\online-taxi-2022-public\online-taxi-public\verification\target\classes\com\mashibing\verification\VerificationCodeApplication.class]
]]></system-out>
  </testcase>
</testsuite>